<?xml version="1.0" encoding="UTF-8"?>
<testsuite xmlns:xsi="http://www.w3.org/2001/XMLSchema-instance" xsi:noNamespaceSchemaLocation="https://maven.apache.org/surefire/maven-surefire-plugin/xsd/surefire-test-report-3.0.xsd" version="3.0" name="TestRunner.CucumberTestRunner" time="20.202" tests="6" errors="0" skipped="0" failures="2">
  <properties>
[...]
</properties>
  <testcase name="runScenario[&quot;Verify user is able to scroll up-down the entire page&quot;, &quot;Verify Products page of Sauce Labs&quot;](1)" classname="TestRunner.CucumberTestRunner" time="3.159">
    <system-out><![CDATA[
Scenario: Verify user is able to scroll up-down the entire page # src/test/resources/TaggedFeatures/HomeScreen.feature:10
  Given User accesses saucedemo website                         # StepDefination.ProductsPageVerify.verifyWebsiteAccess()
  When User enters credentials and Logs In                      # StepDefination.ProductsPageVerify.enterCredentials()
  Then User lands on products page of the website               # StepDefination.ProductsPageVerify.userOnProductsPage()
  And user scrolls and views bottom of the page                 # StepDefination.ProductsPageVerify.scrollProductsPageBottom()
  And user scrolls and views top of the page                    # StepDefination.ProductsPageVerify.scrollProductsPageTop()
]]></system-out>
  </testcase>
  <testcase name="runScenario[&quot;Verify user is redirected to Your Cart screen upon clicking shopping cart icon&quot;, &quot;Verify Products page of Sauce Labs&quot;](2)" classname="TestRunner.CucumberTestRunner" time="0.783">
    <system-out><![CDATA[
Scenario: Verify user is redirected to Your Cart screen upon clicking shopping cart icon # src/test/resources/TaggedFeatures/HomeScreen.feature:15
  Given User accesses saucedemo website                                                  # StepDefination.ProductsPageVerify.verifyWebsiteAccess()
  When User enters credentials and Logs In                                               # StepDefination.ProductsPageVerify.enterCredentials()
  Then User lands on products page of the website                                        # StepDefination.ProductsPageVerify.userOnProductsPage()
  When user clicks on shopping cart icon                                                 # StepDefination.ProductsPageVerify.clickShoppingIcon()
  Then user is redirected to Your Cart screen                                            # StepDefination.ProductsPageVerify.landsYourCartScreen()
]]></system-out>
  </testcase>
  <testcase name="runScenario[&quot;Verify user is able to view all Menu options upon clicking menu icon&quot;, &quot;Verify Products page of Sauce Labs&quot;](3)" classname="TestRunner.CucumberTestRunner" time="1.401">
    <system-out><![CDATA[
Scenario: Verify user is able to view all Menu options upon clicking menu icon # src/test/resources/TaggedFeatures/HomeScreen.feature:21
  Given User accesses saucedemo website                                        # StepDefination.ProductsPageVerify.verifyWebsiteAccess()
  When User enters credentials and Logs In                                     # StepDefination.ProductsPageVerify.enterCredentials()
  Then User lands on products page of the website                              # StepDefination.ProductsPageVerify.userOnProductsPage()
  When User clicks on Menu icon                                                # StepDefination.ViewMenuStepDefination.clickMenuicon()
  Then Menu options should get displayed                                       # StepDefination.ViewMenuStepDefination.viewMenuOptions()
]]></system-out>
  </testcase>
  <testcase name="runScenario[&quot;Verify user redirects to Product detail screen upon clicking on any product from Products page&quot;, &quot;Verify Products page of Sauce Labs&quot;](4)" classname="TestRunner.CucumberTestRunner" time="0.549">
    <failure message="invalid selector&#10;from javascript error: {&quot;status&quot;:32,&quot;value&quot;:&quot;Unable to locate an element with the xpath expression //div[conatins(text(),&apos;Sauce Labs Backpack&apos;)] because of the following error:\nSyntaxError: Failed to execute &apos;evaluate&apos; on &apos;Document&apos;: The string &apos;//div[conatins(text(),&apos;Sauce Labs Backpack&apos;)]&apos; is not a valid XPath expression.&quot;}&#10;  (Session info: chrome=131.0.6778.205)&#10;For documentation on this error, please visit: https://www.selenium.dev/documentation/webdriver/troubleshooting/errors#invalid-selector-exception&#10;Build info: version: &apos;4.27.0&apos;, revision: &apos;d6e718d134&apos;&#10;System info: os.name: &apos;Windows 11&apos;, os.arch: &apos;amd64&apos;, os.version: &apos;10.0&apos;, java.version: &apos;17.0.9&apos;&#10;Driver info: org.openqa.selenium.chrome.ChromeDriver&#10;Command: [f588e3589324b8e8151d8d698bb70c73, findElement {value=//div[conatins(text(),&apos;Sauce Labs Backpack&apos;)], using=xpath}]&#10;Capabilities {acceptInsecureCerts: false, browserName: chrome, browserVersion: 131.0.6778.205, chrome: {chromedriverVersion: 131.0.6778.85 (3d81e41b6f3a..., userDataDir: C:\Users\Aditi\AppData\Loca...}, fedcm:accounts: true, goog:chromeOptions: {debuggerAddress: localhost:63370}, networkConnectionEnabled: false, pageLoadStrategy: normal, platformName: windows, proxy: Proxy(), se:cdp: ws://localhost:63370/devtoo..., se:cdpVersion: 131.0.6778.205, setWindowRect: true, strictFileInteractability: false, timeouts: {implicit: 0, pageLoad: 300000, script: 30000}, unhandledPromptBehavior: dismiss and notify, webauthn:extension:credBlob: true, webauthn:extension:largeBlob: true, webauthn:extension:minPinLength: true, webauthn:extension:prf: true, webauthn:virtualAuthenticators: true}&#10;Session ID: f588e3589324b8e8151d8d698bb70c73" type="org.openqa.selenium.InvalidSelectorException"><![CDATA[org.openqa.selenium.InvalidSelectorException: 
invalid selector
from javascript error: {"status":32,"value":"Unable to locate an element with the xpath expression //div[conatins(text(),'Sauce Labs Backpack')] because of the following error:\nSyntaxError: Failed to execute 'evaluate' on 'Document': The string '//div[conatins(text(),'Sauce Labs Backpack')]' is not a valid XPath expression."}
  (Session info: chrome=131.0.6778.205)
For documentation on this error, please visit: https://www.selenium.dev/documentation/webdriver/troubleshooting/errors#invalid-selector-exception
Build info: version: '4.27.0', revision: 'd6e718d134'
System info: os.name: 'Windows 11', os.arch: 'amd64', os.version: '10.0', java.version: '17.0.9'
Driver info: org.openqa.selenium.chrome.ChromeDriver
Command: [f588e3589324b8e8151d8d698bb70c73, findElement {value=//div[conatins(text(),'Sauce Labs Backpack')], using=xpath}]
Capabilities {acceptInsecureCerts: false, browserName: chrome, browserVersion: 131.0.6778.205, chrome: {chromedriverVersion: 131.0.6778.85 (3d81e41b6f3a..., userDataDir: C:\Users\Aditi\AppData\Loca...}, fedcm:accounts: true, goog:chromeOptions: {debuggerAddress: localhost:63370}, networkConnectionEnabled: false, pageLoadStrategy: normal, platformName: windows, proxy: Proxy(), se:cdp: ws://localhost:63370/devtoo..., se:cdpVersion: 131.0.6778.205, setWindowRect: true, strictFileInteractability: false, timeouts: {implicit: 0, pageLoad: 300000, script: 30000}, unhandledPromptBehavior: dismiss and notify, webauthn:extension:credBlob: true, webauthn:extension:largeBlob: true, webauthn:extension:minPinLength: true, webauthn:extension:prf: true, webauthn:virtualAuthenticators: true}
Session ID: f588e3589324b8e8151d8d698bb70c73
	at java.base/jdk.internal.reflect.NativeConstructorAccessorImpl.newInstance0(Native Method)
	at java.base/jdk.internal.reflect.NativeConstructorAccessorImpl.newInstance(NativeConstructorAccessorImpl.java:77)
	at java.base/jdk.internal.reflect.DelegatingConstructorAccessorImpl.newInstance(DelegatingConstructorAccessorImpl.java:45)
	at java.base/java.lang.reflect.Constructor.newInstanceWithCaller(Constructor.java:499)
	at java.base/java.lang.reflect.Constructor.newInstance(Constructor.java:480)
	at org.openqa.selenium.remote.ErrorCodec.decode(ErrorCodec.java:167)
	at org.openqa.selenium.remote.codec.w3c.W3CHttpResponseCodec.decode(W3CHttpResponseCodec.java:138)
	at org.openqa.selenium.remote.codec.w3c.W3CHttpResponseCodec.decode(W3CHttpResponseCodec.java:50)
	at org.openqa.selenium.remote.HttpCommandExecutor.execute(HttpCommandExecutor.java:190)
	at org.openqa.selenium.remote.service.DriverCommandExecutor.invokeExecute(DriverCommandExecutor.java:216)
	at org.openqa.selenium.remote.service.DriverCommandExecutor.execute(DriverCommandExecutor.java:174)
	at org.openqa.selenium.remote.RemoteWebDriver.execute(RemoteWebDriver.java:545)
	at org.openqa.selenium.remote.ElementLocation$ElementFinder$2.findElement(ElementLocation.java:165)
	at org.openqa.selenium.remote.ElementLocation.findElement(ElementLocation.java:59)
	at org.openqa.selenium.remote.RemoteWebDriver.findElement(RemoteWebDriver.java:368)
	at org.openqa.selenium.remote.RemoteWebDriver.findElement(RemoteWebDriver.java:362)
	at org.openqa.selenium.support.ui.ExpectedConditions$7.apply(ExpectedConditions.java:194)
	at org.openqa.selenium.support.ui.ExpectedConditions$7.apply(ExpectedConditions.java:190)
	at org.openqa.selenium.support.ui.FluentWait.until(FluentWait.java:203)
	at PageObjects.ProductsPage.verifyProductClick(ProductsPage.java:91)
	at StepDefination.ProductsPageVerify.clickProduct(ProductsPageVerify.java:61)
	at ✽.user clicks on any product on Products Page(file:///C:/Users/Aditi/eclipse-workspace/BDDFramework/src/test/resources/TaggedFeatures/HomeScreen.feature:27)
]]></failure>
    <system-out><![CDATA[
Scenario: Verify user redirects to Product detail screen upon clicking on any product from Products page # src/test/resources/TaggedFeatures/HomeScreen.feature:26
  Given User accesses saucedemo website                                                                  # StepDefination.ProductsPageVerify.verifyWebsiteAccess()
  When User enters credentials and Logs In                                                               # StepDefination.ProductsPageVerify.enterCredentials()
  Then User lands on products page of the website                                                        # StepDefination.ProductsPageVerify.userOnProductsPage()
  When user clicks on any product on Products Page                                                       # StepDefination.ProductsPageVerify.clickProduct()
      org.openqa.selenium.InvalidSelectorException: invalid selector
from javascript error: {"status":32,"value":"Unable to locate an element with the xpath expression //div[conatins(text(),'Sauce Labs Backpack')] because of the following error:\nSyntaxError: Failed to execute 'evaluate' on 'Document': The string '//div[conatins(text(),'Sauce Labs Backpack')]' is not a valid XPath expression."}
  (Session info: chrome=131.0.6778.205)
For documentation on this error, please visit: https://www.selenium.dev/documentation/webdriver/troubleshooting/errors#invalid-selector-exception
Build info: version: '4.27.0', revision: 'd6e718d134'
System info: os.name: 'Windows 11', os.arch: 'amd64', os.version: '10.0', java.version: '17.0.9'
Driver info: org.openqa.selenium.chrome.ChromeDriver
Command: [f588e3589324b8e8151d8d698bb70c73, findElement {value=//div[conatins(text(),'Sauce Labs Backpack')], using=xpath}]
Capabilities {acceptInsecureCerts: false, browserName: chrome, browserVersion: 131.0.6778.205, chrome: {chromedriverVersion: 131.0.6778.85 (3d81e41b6f3a..., userDataDir: C:\Users\Aditi\AppData\Loca...}, fedcm:accounts: true, goog:chromeOptions: {debuggerAddress: localhost:63370}, networkConnectionEnabled: false, pageLoadStrategy: normal, platformName: windows, proxy: Proxy(), se:cdp: ws://localhost:63370/devtoo..., se:cdpVersion: 131.0.6778.205, setWindowRect: true, strictFileInteractability: false, timeouts: {implicit: 0, pageLoad: 300000, script: 30000}, unhandledPromptBehavior: dismiss and notify, webauthn:extension:credBlob: true, webauthn:extension:largeBlob: true, webauthn:extension:minPinLength: true, webauthn:extension:prf: true, webauthn:virtualAuthenticators: true}
Session ID: f588e3589324b8e8151d8d698bb70c73
	at java.base/jdk.internal.reflect.NativeConstructorAccessorImpl.newInstance0(Native Method)
	at java.base/jdk.internal.reflect.NativeConstructorAccessorImpl.newInstance(NativeConstructorAccessorImpl.java:77)
	at java.base/jdk.internal.reflect.DelegatingConstructorAccessorImpl.newInstance(DelegatingConstructorAccessorImpl.java:45)
	at java.base/java.lang.reflect.Constructor.newInstanceWithCaller(Constructor.java:499)
	at java.base/java.lang.reflect.Constructor.newInstance(Constructor.java:480)
	at org.openqa.selenium.remote.ErrorCodec.decode(ErrorCodec.java:167)
	at org.openqa.selenium.remote.codec.w3c.W3CHttpResponseCodec.decode(W3CHttpResponseCodec.java:138)
	at org.openqa.selenium.remote.codec.w3c.W3CHttpResponseCodec.decode(W3CHttpResponseCodec.java:50)
	at org.openqa.selenium.remote.HttpCommandExecutor.execute(HttpCommandExecutor.java:190)
	at org.openqa.selenium.remote.service.DriverCommandExecutor.invokeExecute(DriverCommandExecutor.java:216)
	at org.openqa.selenium.remote.service.DriverCommandExecutor.execute(DriverCommandExecutor.java:174)
	at org.openqa.selenium.remote.RemoteWebDriver.execute(RemoteWebDriver.java:545)
	at org.openqa.selenium.remote.ElementLocation$ElementFinder$2.findElement(ElementLocation.java:165)
	at org.openqa.selenium.remote.ElementLocation.findElement(ElementLocation.java:59)
	at org.openqa.selenium.remote.RemoteWebDriver.findElement(RemoteWebDriver.java:368)
	at org.openqa.selenium.remote.RemoteWebDriver.findElement(RemoteWebDriver.java:362)
	at org.openqa.selenium.support.ui.ExpectedConditions$7.apply(ExpectedConditions.java:194)
	at org.openqa.selenium.support.ui.ExpectedConditions$7.apply(ExpectedConditions.java:190)
	at org.openqa.selenium.support.ui.FluentWait.until(FluentWait.java:203)
	at PageObjects.ProductsPage.verifyProductClick(ProductsPage.java:91)
	at StepDefination.ProductsPageVerify.clickProduct(ProductsPageVerify.java:61)
	at âœ½.user clicks on any product on Products Page(file:///C:/Users/Aditi/eclipse-workspace/BDDFramework/src/test/resources/TaggedFeatures/HomeScreen.feature:27)

  Then user should be redirected to product detail screen                                                # StepDefination.ProductsPageVerify.landsProductDetailScreen()
]]></system-out>
  </testcase>
  <testcase name="runScenario[&quot;Verify user is redirected to Your Cart screen upon clicking shopping cart icon&quot;, &quot;Verify Your Cart page of sauce labs&quot;](5)" classname="TestRunner.CucumberTestRunner" time="0.725">
    <system-out><![CDATA[
Scenario: Verify user is redirected to Your Cart screen upon clicking shopping cart icon # src/test/resources/TaggedFeatures/YourCart.feature:8
  Given User accesses saucedemo website                                                  # StepDefination.ProductsPageVerify.verifyWebsiteAccess()
  When User enters credentials and Logs In                                               # StepDefination.ProductsPageVerify.enterCredentials()
  Then User lands on products page of the website                                        # StepDefination.ProductsPageVerify.userOnProductsPage()
  When user clicks on shopping cart icon                                                 # StepDefination.ProductsPageVerify.clickShoppingIcon()
  Then user is redirected to Your Cart screen                                            # StepDefination.ProductsPageVerify.landsYourCartScreen()
]]></system-out>
  </testcase>
  <testcase name="runScenario[&quot;Verify user is redirected back to Products page upon clicking Continue Shopping button on Your Cart page&quot;, &quot;Verify Your Cart page of sauce labs&quot;](6)" classname="TestRunner.CucumberTestRunner" time="10.901">
    <failure message="Expected condition failed: waiting for visibility of element located by By.id: //div[@class = &apos;cart_footer&apos;]//button[@id = &apos;continue-shopping&apos;] (tried for 10 second(s) with 500 milliseconds interval)&#10;Build info: version: &apos;4.27.0&apos;, revision: &apos;d6e718d134&apos;&#10;System info: os.name: &apos;Windows 11&apos;, os.arch: &apos;amd64&apos;, os.version: &apos;10.0&apos;, java.version: &apos;17.0.9&apos;&#10;Driver info: org.openqa.selenium.chrome.ChromeDriver&#10;Capabilities {acceptInsecureCerts: false, browserName: chrome, browserVersion: 131.0.6778.205, chrome: {chromedriverVersion: 131.0.6778.85 (3d81e41b6f3a..., userDataDir: C:\Users\Aditi\AppData\Loca...}, fedcm:accounts: true, goog:chromeOptions: {debuggerAddress: localhost:63370}, networkConnectionEnabled: false, pageLoadStrategy: normal, platformName: windows, proxy: Proxy(), se:cdp: ws://localhost:63370/devtoo..., se:cdpVersion: 131.0.6778.205, setWindowRect: true, strictFileInteractability: false, timeouts: {implicit: 0, pageLoad: 300000, script: 30000}, unhandledPromptBehavior: dismiss and notify, webauthn:extension:credBlob: true, webauthn:extension:largeBlob: true, webauthn:extension:minPinLength: true, webauthn:extension:prf: true, webauthn:virtualAuthenticators: true}&#10;Session ID: f588e3589324b8e8151d8d698bb70c73" type="org.openqa.selenium.TimeoutException"><![CDATA[org.openqa.selenium.TimeoutException: 
Expected condition failed: waiting for visibility of element located by By.id: //div[@class = 'cart_footer']//button[@id = 'continue-shopping'] (tried for 10 second(s) with 500 milliseconds interval)
Build info: version: '4.27.0', revision: 'd6e718d134'
System info: os.name: 'Windows 11', os.arch: 'amd64', os.version: '10.0', java.version: '17.0.9'
Driver info: org.openqa.selenium.chrome.ChromeDriver
Capabilities {acceptInsecureCerts: false, browserName: chrome, browserVersion: 131.0.6778.205, chrome: {chromedriverVersion: 131.0.6778.85 (3d81e41b6f3a..., userDataDir: C:\Users\Aditi\AppData\Loca...}, fedcm:accounts: true, goog:chromeOptions: {debuggerAddress: localhost:63370}, networkConnectionEnabled: false, pageLoadStrategy: normal, platformName: windows, proxy: Proxy(), se:cdp: ws://localhost:63370/devtoo..., se:cdpVersion: 131.0.6778.205, setWindowRect: true, strictFileInteractability: false, timeouts: {implicit: 0, pageLoad: 300000, script: 30000}, unhandledPromptBehavior: dismiss and notify, webauthn:extension:credBlob: true, webauthn:extension:largeBlob: true, webauthn:extension:minPinLength: true, webauthn:extension:prf: true, webauthn:virtualAuthenticators: true}
Session ID: f588e3589324b8e8151d8d698bb70c73
	at org.openqa.selenium.support.ui.WebDriverWait.timeoutException(WebDriverWait.java:84)
	at org.openqa.selenium.support.ui.FluentWait.until(FluentWait.java:228)
	at PageObjects.YourCartPage.verifyConitnueShoppingClick(YourCartPage.java:21)
	at StepDefination.VerifyYourCartPage.continueShoppingClick(VerifyYourCartPage.java:23)
	at ✽.user clicks Continue Shopping button on Your cart screen(file:///C:/Users/Aditi/eclipse-workspace/BDDFramework/src/test/resources/TaggedFeatures/YourCart.feature:14)
]]></failure>
    <system-out><![CDATA[
Scenario: Verify user is redirected back to Products page upon clicking Continue Shopping button on Your Cart page # src/test/resources/TaggedFeatures/YourCart.feature:13
  Given User accesses saucedemo website                                                                            # StepDefination.ProductsPageVerify.verifyWebsiteAccess()
  When User enters credentials and Logs In                                                                         # StepDefination.ProductsPageVerify.enterCredentials()
  Then User lands on products page of the website                                                                  # StepDefination.ProductsPageVerify.userOnProductsPage()
  When user clicks Continue Shopping button on Your cart screen                                                    # StepDefination.VerifyYourCartPage.continueShoppingClick()
      org.openqa.selenium.TimeoutException: Expected condition failed: waiting for visibility of element located by By.id: //div[@class = 'cart_footer']//button[@id = 'continue-shopping'] (tried for 10 second(s) with 500 milliseconds interval)
Build info: version: '4.27.0', revision: 'd6e718d134'
System info: os.name: 'Windows 11', os.arch: 'amd64', os.version: '10.0', java.version: '17.0.9'
Driver info: org.openqa.selenium.chrome.ChromeDriver
Capabilities {acceptInsecureCerts: false, browserName: chrome, browserVersion: 131.0.6778.205, chrome: {chromedriverVersion: 131.0.6778.85 (3d81e41b6f3a..., userDataDir: C:\Users\Aditi\AppData\Loca...}, fedcm:accounts: true, goog:chromeOptions: {debuggerAddress: localhost:63370}, networkConnectionEnabled: false, pageLoadStrategy: normal, platformName: windows, proxy: Proxy(), se:cdp: ws://localhost:63370/devtoo..., se:cdpVersion: 131.0.6778.205, setWindowRect: true, strictFileInteractability: false, timeouts: {implicit: 0, pageLoad: 300000, script: 30000}, unhandledPromptBehavior: dismiss and notify, webauthn:extension:credBlob: true, webauthn:extension:largeBlob: true, webauthn:extension:minPinLength: true, webauthn:extension:prf: true, webauthn:virtualAuthenticators: true}
Session ID: f588e3589324b8e8151d8d698bb70c73
	at org.openqa.selenium.support.ui.WebDriverWait.timeoutException(WebDriverWait.java:84)
	at org.openqa.selenium.support.ui.FluentWait.until(FluentWait.java:228)
	at PageObjects.YourCartPage.verifyConitnueShoppingClick(YourCartPage.java:21)
	at StepDefination.VerifyYourCartPage.continueShoppingClick(VerifyYourCartPage.java:23)
	at âœ½.user clicks Continue Shopping button on Your cart screen(file:///C:/Users/Aditi/eclipse-workspace/BDDFramework/src/test/resources/TaggedFeatures/YourCart.feature:14)

  Then user is redirected back to Products page                                                                    # StepDefination.VerifyYourCartPage.redirectedBackToProductsPage()
]]></system-out>
  </testcase>
</testsuite>